{"/home/car/Documentos/Eduardo/desafio-Carlos-Eduardo/src/caixa-da-lanchonete.js": {"path":"/home/car/Documentos/Eduardo/desafio-Carlos-Eduardo/src/caixa-da-lanchonete.js","all":false,"statementMap":{"0":{"start":{"line":1,"column":0},"end":{"line":1,"column":25}},"1":{"start":{"line":2,"column":0},"end":{"line":2,"column":50}},"2":{"start":{"line":3,"column":0},"end":{"line":3,"column":21}},"3":{"start":{"line":4,"column":0},"end":{"line":4,"column":30}},"4":{"start":{"line":5,"column":0},"end":{"line":5,"column":33}},"5":{"start":{"line":6,"column":0},"end":{"line":6,"column":13}},"6":{"start":{"line":7,"column":0},"end":{"line":7,"column":12}},"7":{"start":{"line":8,"column":0},"end":{"line":8,"column":26}},"8":{"start":{"line":9,"column":0},"end":{"line":9,"column":45}},"9":{"start":{"line":10,"column":0},"end":{"line":10,"column":44}},"10":{"start":{"line":11,"column":0},"end":{"line":11,"column":12}},"11":{"start":{"line":12,"column":0},"end":{"line":12,"column":26}},"12":{"start":{"line":13,"column":0},"end":{"line":13,"column":33}},"13":{"start":{"line":14,"column":0},"end":{"line":14,"column":33}},"14":{"start":{"line":15,"column":0},"end":{"line":15,"column":13}},"15":{"start":{"line":16,"column":0},"end":{"line":16,"column":38}},"16":{"start":{"line":17,"column":0},"end":{"line":17,"column":11}},"17":{"start":{"line":18,"column":0},"end":{"line":18,"column":28}},"18":{"start":{"line":19,"column":0},"end":{"line":19,"column":5}},"19":{"start":{"line":20,"column":0},"end":{"line":20,"column":43}},"20":{"start":{"line":21,"column":0},"end":{"line":21,"column":43}},"21":{"start":{"line":22,"column":0},"end":{"line":22,"column":24}},"22":{"start":{"line":23,"column":0},"end":{"line":23,"column":57}},"23":{"start":{"line":24,"column":0},"end":{"line":24,"column":51}},"24":{"start":{"line":25,"column":0},"end":{"line":25,"column":60}},"25":{"start":{"line":26,"column":0},"end":{"line":26,"column":32}},"26":{"start":{"line":27,"column":0},"end":{"line":27,"column":17}},"27":{"start":{"line":28,"column":0},"end":{"line":28,"column":13}},"28":{"start":{"line":29,"column":0},"end":{"line":29,"column":30}},"29":{"start":{"line":30,"column":0},"end":{"line":30,"column":27}},"30":{"start":{"line":31,"column":0},"end":{"line":31,"column":13}},"31":{"start":{"line":32,"column":0},"end":{"line":32,"column":9}},"32":{"start":{"line":33,"column":0},"end":{"line":33,"column":19}},"33":{"start":{"line":34,"column":0},"end":{"line":34,"column":5}},"34":{"start":{"line":35,"column":0},"end":{"line":35,"column":44}},"35":{"start":{"line":36,"column":0},"end":{"line":36,"column":39}},"36":{"start":{"line":37,"column":0},"end":{"line":37,"column":23}},"37":{"start":{"line":38,"column":0},"end":{"line":38,"column":42}},"38":{"start":{"line":39,"column":0},"end":{"line":39,"column":40}},"39":{"start":{"line":40,"column":0},"end":{"line":40,"column":28}},"40":{"start":{"line":41,"column":0},"end":{"line":41,"column":13}},"41":{"start":{"line":42,"column":0},"end":{"line":42,"column":8}},"42":{"start":{"line":43,"column":0},"end":{"line":43,"column":11}},"43":{"start":{"line":44,"column":0},"end":{"line":44,"column":19}},"44":{"start":{"line":45,"column":0},"end":{"line":45,"column":5}},"45":{"start":{"line":46,"column":0},"end":{"line":46,"column":42}},"46":{"start":{"line":47,"column":0},"end":{"line":47,"column":35}},"47":{"start":{"line":48,"column":0},"end":{"line":48,"column":38}},"48":{"start":{"line":49,"column":0},"end":{"line":49,"column":24}},"49":{"start":{"line":50,"column":0},"end":{"line":50,"column":9}},"50":{"start":{"line":51,"column":0},"end":{"line":51,"column":19}},"51":{"start":{"line":52,"column":0},"end":{"line":52,"column":5}},"52":{"start":{"line":53,"column":0},"end":{"line":53,"column":29}},"53":{"start":{"line":54,"column":0},"end":{"line":54,"column":42}},"54":{"start":{"line":55,"column":0},"end":{"line":55,"column":76}},"55":{"start":{"line":56,"column":0},"end":{"line":56,"column":43}},"56":{"start":{"line":57,"column":0},"end":{"line":57,"column":24}},"57":{"start":{"line":58,"column":0},"end":{"line":58,"column":9}},"58":{"start":{"line":59,"column":0},"end":{"line":59,"column":19}},"59":{"start":{"line":60,"column":0},"end":{"line":60,"column":5}},"60":{"start":{"line":61,"column":0},"end":{"line":61,"column":31}},"61":{"start":{"line":62,"column":0},"end":{"line":62,"column":51}},"62":{"start":{"line":63,"column":0},"end":{"line":63,"column":21}},"63":{"start":{"line":64,"column":0},"end":{"line":64,"column":45}},"64":{"start":{"line":65,"column":0},"end":{"line":65,"column":66}},"65":{"start":{"line":66,"column":0},"end":{"line":66,"column":11}},"66":{"start":{"line":67,"column":0},"end":{"line":67,"column":48}},"67":{"start":{"line":68,"column":0},"end":{"line":68,"column":5}},"68":{"start":{"line":69,"column":0},"end":{"line":69,"column":31}},"69":{"start":{"line":70,"column":0},"end":{"line":70,"column":50}},"70":{"start":{"line":71,"column":0},"end":{"line":71,"column":21}},"71":{"start":{"line":72,"column":0},"end":{"line":72,"column":45}},"72":{"start":{"line":73,"column":0},"end":{"line":73,"column":66}},"73":{"start":{"line":74,"column":0},"end":{"line":74,"column":11}},"74":{"start":{"line":75,"column":0},"end":{"line":75,"column":48}},"75":{"start":{"line":76,"column":0},"end":{"line":76,"column":5}},"76":{"start":{"line":77,"column":0},"end":{"line":77,"column":30}},"77":{"start":{"line":78,"column":0},"end":{"line":78,"column":49}},"78":{"start":{"line":79,"column":0},"end":{"line":79,"column":21}},"79":{"start":{"line":80,"column":0},"end":{"line":80,"column":45}},"80":{"start":{"line":81,"column":0},"end":{"line":81,"column":66}},"81":{"start":{"line":82,"column":0},"end":{"line":82,"column":11}},"82":{"start":{"line":83,"column":0},"end":{"line":83,"column":31}},"83":{"start":{"line":84,"column":0},"end":{"line":84,"column":5}},"84":{"start":{"line":85,"column":0},"end":{"line":85,"column":42}},"85":{"start":{"line":86,"column":0},"end":{"line":86,"column":37}},"86":{"start":{"line":87,"column":0},"end":{"line":87,"column":28}},"87":{"start":{"line":88,"column":0},"end":{"line":88,"column":32}},"88":{"start":{"line":89,"column":0},"end":{"line":89,"column":20}},"89":{"start":{"line":90,"column":0},"end":{"line":90,"column":43}},"90":{"start":{"line":91,"column":0},"end":{"line":91,"column":44}},"91":{"start":{"line":92,"column":0},"end":{"line":92,"column":35}},"92":{"start":{"line":93,"column":0},"end":{"line":93,"column":22}},"93":{"start":{"line":94,"column":0},"end":{"line":94,"column":53}},"94":{"start":{"line":95,"column":0},"end":{"line":95,"column":49}},"95":{"start":{"line":96,"column":0},"end":{"line":96,"column":39}},"96":{"start":{"line":97,"column":0},"end":{"line":97,"column":30}},"97":{"start":{"line":98,"column":0},"end":{"line":98,"column":21}},"98":{"start":{"line":99,"column":0},"end":{"line":99,"column":19}},"99":{"start":{"line":100,"column":0},"end":{"line":100,"column":13}},"100":{"start":{"line":101,"column":0},"end":{"line":101,"column":11}},"101":{"start":{"line":102,"column":0},"end":{"line":102,"column":0}},"102":{"start":{"line":103,"column":0},"end":{"line":103,"column":30}},"103":{"start":{"line":104,"column":0},"end":{"line":104,"column":33}},"104":{"start":{"line":105,"column":0},"end":{"line":105,"column":43}},"105":{"start":{"line":106,"column":0},"end":{"line":106,"column":42}},"106":{"start":{"line":107,"column":0},"end":{"line":107,"column":33}},"107":{"start":{"line":108,"column":0},"end":{"line":108,"column":22}},"108":{"start":{"line":109,"column":0},"end":{"line":109,"column":53}},"109":{"start":{"line":110,"column":0},"end":{"line":110,"column":54}},"110":{"start":{"line":111,"column":0},"end":{"line":111,"column":44}},"111":{"start":{"line":112,"column":0},"end":{"line":112,"column":30}},"112":{"start":{"line":113,"column":0},"end":{"line":113,"column":21}},"113":{"start":{"line":114,"column":0},"end":{"line":114,"column":19}},"114":{"start":{"line":115,"column":0},"end":{"line":115,"column":13}},"115":{"start":{"line":116,"column":0},"end":{"line":116,"column":11}},"116":{"start":{"line":117,"column":0},"end":{"line":117,"column":82}},"117":{"start":{"line":118,"column":0},"end":{"line":118,"column":22}},"118":{"start":{"line":119,"column":0},"end":{"line":119,"column":23}},"119":{"start":{"line":120,"column":0},"end":{"line":120,"column":14}},"120":{"start":{"line":121,"column":0},"end":{"line":121,"column":27}},"121":{"start":{"line":122,"column":0},"end":{"line":122,"column":9}},"122":{"start":{"line":123,"column":0},"end":{"line":123,"column":5}},"123":{"start":{"line":124,"column":0},"end":{"line":124,"column":4}},"124":{"start":{"line":125,"column":0},"end":{"line":125,"column":53}},"125":{"start":{"line":126,"column":0},"end":{"line":126,"column":24}},"126":{"start":{"line":127,"column":0},"end":{"line":127,"column":20}},"127":{"start":{"line":128,"column":0},"end":{"line":128,"column":25}},"128":{"start":{"line":129,"column":0},"end":{"line":129,"column":20}},"129":{"start":{"line":130,"column":0},"end":{"line":130,"column":25}},"130":{"start":{"line":131,"column":0},"end":{"line":131,"column":22}},"131":{"start":{"line":132,"column":0},"end":{"line":132,"column":23}},"132":{"start":{"line":133,"column":0},"end":{"line":133,"column":22}},"133":{"start":{"line":134,"column":0},"end":{"line":134,"column":21}},"134":{"start":{"line":135,"column":0},"end":{"line":135,"column":9}},"135":{"start":{"line":136,"column":0},"end":{"line":136,"column":41}},"136":{"start":{"line":137,"column":0},"end":{"line":137,"column":42}},"137":{"start":{"line":138,"column":0},"end":{"line":138,"column":49}},"138":{"start":{"line":139,"column":0},"end":{"line":139,"column":8}},"139":{"start":{"line":140,"column":0},"end":{"line":140,"column":8}},"140":{"start":{"line":141,"column":0},"end":{"line":141,"column":57}},"141":{"start":{"line":142,"column":0},"end":{"line":142,"column":56}},"142":{"start":{"line":143,"column":0},"end":{"line":143,"column":9}},"143":{"start":{"line":144,"column":0},"end":{"line":144,"column":56}},"144":{"start":{"line":145,"column":0},"end":{"line":145,"column":49}},"145":{"start":{"line":146,"column":0},"end":{"line":146,"column":9}},"146":{"start":{"line":147,"column":0},"end":{"line":147,"column":62}},"147":{"start":{"line":148,"column":0},"end":{"line":148,"column":35}},"148":{"start":{"line":149,"column":0},"end":{"line":149,"column":9}},"149":{"start":{"line":150,"column":0},"end":{"line":150,"column":61}},"150":{"start":{"line":151,"column":0},"end":{"line":151,"column":41}},"151":{"start":{"line":152,"column":0},"end":{"line":152,"column":9}},"152":{"start":{"line":153,"column":0},"end":{"line":153,"column":56}},"153":{"start":{"line":154,"column":0},"end":{"line":154,"column":67}},"154":{"start":{"line":155,"column":0},"end":{"line":155,"column":9}},"155":{"start":{"line":156,"column":0},"end":{"line":156,"column":37}},"156":{"start":{"line":157,"column":0},"end":{"line":157,"column":83}},"157":{"start":{"line":158,"column":0},"end":{"line":158,"column":43}},"158":{"start":{"line":159,"column":0},"end":{"line":159,"column":0}},"159":{"start":{"line":160,"column":0},"end":{"line":160,"column":31}},"160":{"start":{"line":161,"column":0},"end":{"line":161,"column":9}},"161":{"start":{"line":162,"column":0},"end":{"line":162,"column":36}},"162":{"start":{"line":163,"column":0},"end":{"line":163,"column":82}},"163":{"start":{"line":164,"column":0},"end":{"line":164,"column":43}},"164":{"start":{"line":165,"column":0},"end":{"line":165,"column":0}},"165":{"start":{"line":166,"column":0},"end":{"line":166,"column":31}},"166":{"start":{"line":167,"column":0},"end":{"line":167,"column":9}},"167":{"start":{"line":168,"column":0},"end":{"line":168,"column":35}},"168":{"start":{"line":169,"column":0},"end":{"line":169,"column":81}},"169":{"start":{"line":170,"column":0},"end":{"line":170,"column":43}},"170":{"start":{"line":171,"column":0},"end":{"line":171,"column":0}},"171":{"start":{"line":172,"column":0},"end":{"line":172,"column":31}},"172":{"start":{"line":173,"column":0},"end":{"line":173,"column":11}},"173":{"start":{"line":174,"column":0},"end":{"line":174,"column":5}},"174":{"start":{"line":175,"column":0},"end":{"line":175,"column":1}},"175":{"start":{"line":176,"column":0},"end":{"line":176,"column":29}}},"s":{"0":1,"1":1,"2":1,"3":19,"4":19,"5":28,"6":28,"7":28,"8":28,"9":28,"10":28,"11":28,"12":28,"13":28,"14":28,"15":28,"16":19,"17":19,"18":19,"19":1,"20":1,"21":15,"22":15,"23":27,"24":216,"25":25,"26":25,"27":216,"28":27,"29":2,"30":2,"31":27,"32":13,"33":13,"34":1,"35":1,"36":13,"37":13,"38":25,"39":1,"40":1,"41":25,"42":13,"43":13,"44":13,"45":1,"46":1,"47":19,"48":3,"49":3,"50":16,"51":16,"52":1,"53":1,"54":16,"55":16,"56":1,"57":1,"58":15,"59":15,"60":1,"61":1,"62":2,"63":2,"64":4,"65":2,"66":2,"67":2,"68":1,"69":1,"70":3,"71":3,"72":7,"73":3,"74":3,"75":3,"76":1,"77":1,"78":3,"79":3,"80":7,"81":3,"82":3,"83":3,"84":1,"85":1,"86":12,"87":12,"88":12,"89":12,"90":24,"91":2,"92":2,"93":2,"94":3,"95":0,"96":0,"97":0,"98":2,"99":2,"100":12,"101":12,"102":12,"103":12,"104":12,"105":24,"106":7,"107":7,"108":7,"109":18,"110":5,"111":5,"112":5,"113":7,"114":7,"115":12,"116":12,"117":12,"118":3,"119":12,"120":9,"121":9,"122":12,"123":1,"124":1,"125":19,"126":19,"127":19,"128":19,"129":19,"130":19,"131":19,"132":19,"133":19,"134":19,"135":19,"136":19,"137":19,"138":19,"139":19,"140":19,"141":3,"142":3,"143":19,"144":1,"145":1,"146":19,"147":2,"148":2,"149":19,"150":1,"151":1,"152":19,"153":4,"154":4,"155":19,"156":2,"157":2,"158":2,"159":2,"160":2,"161":19,"162":3,"163":3,"164":3,"165":3,"166":3,"167":3,"168":3,"169":3,"170":3,"171":3,"172":3,"173":19,"174":1,"175":1},"branchMap":{"0":{"type":"branch","line":3,"loc":{"start":{"line":3,"column":4},"end":{"line":19,"column":5}},"locations":[{"start":{"line":3,"column":4},"end":{"line":19,"column":5}}]},"1":{"type":"branch","line":5,"loc":{"start":{"line":5,"column":22},"end":{"line":17,"column":9}},"locations":[{"start":{"line":5,"column":22},"end":{"line":17,"column":9}}]},"2":{"type":"branch","line":21,"loc":{"start":{"line":21,"column":4},"end":{"line":34,"column":5}},"locations":[{"start":{"line":21,"column":4},"end":{"line":34,"column":5}}]},"3":{"type":"branch","line":23,"loc":{"start":{"line":23,"column":56},"end":{"line":32,"column":9}},"locations":[{"start":{"line":23,"column":56},"end":{"line":32,"column":9}}]},"4":{"type":"branch","line":24,"loc":{"start":{"line":24,"column":50},"end":{"line":28,"column":13}},"locations":[{"start":{"line":24,"column":50},"end":{"line":28,"column":13}}]},"5":{"type":"branch","line":25,"loc":{"start":{"line":25,"column":59},"end":{"line":27,"column":17}},"locations":[{"start":{"line":25,"column":59},"end":{"line":27,"column":17}}]},"6":{"type":"branch","line":29,"loc":{"start":{"line":29,"column":29},"end":{"line":31,"column":13}},"locations":[{"start":{"line":29,"column":29},"end":{"line":31,"column":13}}]},"7":{"type":"branch","line":32,"loc":{"start":{"line":32,"column":8},"end":{"line":34,"column":5}},"locations":[{"start":{"line":32,"column":8},"end":{"line":34,"column":5}}]},"8":{"type":"branch","line":36,"loc":{"start":{"line":36,"column":4},"end":{"line":45,"column":5}},"locations":[{"start":{"line":36,"column":4},"end":{"line":45,"column":5}}]},"9":{"type":"branch","line":38,"loc":{"start":{"line":38,"column":30},"end":{"line":43,"column":9}},"locations":[{"start":{"line":38,"column":30},"end":{"line":43,"column":9}}]},"10":{"type":"branch","line":39,"loc":{"start":{"line":39,"column":39},"end":{"line":41,"column":13}},"locations":[{"start":{"line":39,"column":39},"end":{"line":41,"column":13}}]},"11":{"type":"branch","line":47,"loc":{"start":{"line":47,"column":4},"end":{"line":52,"column":5}},"locations":[{"start":{"line":47,"column":4},"end":{"line":52,"column":5}}]},"12":{"type":"branch","line":48,"loc":{"start":{"line":48,"column":37},"end":{"line":50,"column":9}},"locations":[{"start":{"line":48,"column":37},"end":{"line":50,"column":9}}]},"13":{"type":"branch","line":50,"loc":{"start":{"line":50,"column":8},"end":{"line":52,"column":5}},"locations":[{"start":{"line":50,"column":8},"end":{"line":52,"column":5}}]},"14":{"type":"branch","line":54,"loc":{"start":{"line":54,"column":4},"end":{"line":60,"column":5}},"locations":[{"start":{"line":54,"column":4},"end":{"line":60,"column":5}}]},"15":{"type":"branch","line":55,"loc":{"start":{"line":55,"column":43},"end":{"line":55,"column":76}},"locations":[{"start":{"line":55,"column":43},"end":{"line":55,"column":76}}]},"16":{"type":"branch","line":56,"loc":{"start":{"line":56,"column":-1},"end":{"line":56,"column":41}},"locations":[{"start":{"line":56,"column":-1},"end":{"line":56,"column":41}}]},"17":{"type":"branch","line":56,"loc":{"start":{"line":56,"column":42},"end":{"line":58,"column":9}},"locations":[{"start":{"line":56,"column":42},"end":{"line":58,"column":9}}]},"18":{"type":"branch","line":58,"loc":{"start":{"line":58,"column":8},"end":{"line":60,"column":5}},"locations":[{"start":{"line":58,"column":8},"end":{"line":60,"column":5}}]},"19":{"type":"branch","line":62,"loc":{"start":{"line":62,"column":4},"end":{"line":68,"column":5}},"locations":[{"start":{"line":62,"column":4},"end":{"line":68,"column":5}}]},"20":{"type":"branch","line":64,"loc":{"start":{"line":64,"column":33},"end":{"line":66,"column":9}},"locations":[{"start":{"line":64,"column":33},"end":{"line":66,"column":9}}]},"21":{"type":"branch","line":70,"loc":{"start":{"line":70,"column":4},"end":{"line":76,"column":5}},"locations":[{"start":{"line":70,"column":4},"end":{"line":76,"column":5}}]},"22":{"type":"branch","line":72,"loc":{"start":{"line":72,"column":33},"end":{"line":74,"column":9}},"locations":[{"start":{"line":72,"column":33},"end":{"line":74,"column":9}}]},"23":{"type":"branch","line":78,"loc":{"start":{"line":78,"column":4},"end":{"line":84,"column":5}},"locations":[{"start":{"line":78,"column":4},"end":{"line":84,"column":5}}]},"24":{"type":"branch","line":80,"loc":{"start":{"line":80,"column":33},"end":{"line":82,"column":9}},"locations":[{"start":{"line":80,"column":33},"end":{"line":82,"column":9}}]},"25":{"type":"branch","line":86,"loc":{"start":{"line":86,"column":4},"end":{"line":123,"column":5}},"locations":[{"start":{"line":86,"column":4},"end":{"line":123,"column":5}}]},"26":{"type":"branch","line":117,"loc":{"start":{"line":117,"column":32},"end":{"line":117,"column":48}},"locations":[{"start":{"line":117,"column":32},"end":{"line":117,"column":48}}]},"27":{"type":"branch","line":117,"loc":{"start":{"line":117,"column":64},"end":{"line":117,"column":82}},"locations":[{"start":{"line":117,"column":64},"end":{"line":117,"column":82}}]},"28":{"type":"branch","line":118,"loc":{"start":{"line":118,"column":21},"end":{"line":120,"column":9}},"locations":[{"start":{"line":118,"column":21},"end":{"line":120,"column":9}}]},"29":{"type":"branch","line":120,"loc":{"start":{"line":120,"column":9},"end":{"line":122,"column":9}},"locations":[{"start":{"line":120,"column":9},"end":{"line":122,"column":9}}]},"30":{"type":"branch","line":90,"loc":{"start":{"line":90,"column":33},"end":{"line":101,"column":9}},"locations":[{"start":{"line":90,"column":33},"end":{"line":101,"column":9}}]},"31":{"type":"branch","line":91,"loc":{"start":{"line":91,"column":43},"end":{"line":100,"column":13}},"locations":[{"start":{"line":91,"column":43},"end":{"line":100,"column":13}}]},"32":{"type":"branch","line":94,"loc":{"start":{"line":94,"column":41},"end":{"line":99,"column":17}},"locations":[{"start":{"line":94,"column":41},"end":{"line":99,"column":17}}]},"33":{"type":"branch","line":95,"loc":{"start":{"line":95,"column":48},"end":{"line":98,"column":21}},"locations":[{"start":{"line":95,"column":48},"end":{"line":98,"column":21}}]},"34":{"type":"branch","line":105,"loc":{"start":{"line":105,"column":33},"end":{"line":116,"column":9}},"locations":[{"start":{"line":105,"column":33},"end":{"line":116,"column":9}}]},"35":{"type":"branch","line":106,"loc":{"start":{"line":106,"column":41},"end":{"line":115,"column":13}},"locations":[{"start":{"line":106,"column":41},"end":{"line":115,"column":13}}]},"36":{"type":"branch","line":109,"loc":{"start":{"line":109,"column":41},"end":{"line":114,"column":17}},"locations":[{"start":{"line":109,"column":41},"end":{"line":114,"column":17}}]},"37":{"type":"branch","line":110,"loc":{"start":{"line":110,"column":53},"end":{"line":113,"column":21}},"locations":[{"start":{"line":110,"column":53},"end":{"line":113,"column":21}}]},"38":{"type":"branch","line":125,"loc":{"start":{"line":125,"column":4},"end":{"line":174,"column":5}},"locations":[{"start":{"line":125,"column":4},"end":{"line":174,"column":5}}]},"39":{"type":"branch","line":141,"loc":{"start":{"line":141,"column":56},"end":{"line":143,"column":9}},"locations":[{"start":{"line":141,"column":56},"end":{"line":143,"column":9}}]},"40":{"type":"branch","line":143,"loc":{"start":{"line":143,"column":8},"end":{"line":144,"column":55}},"locations":[{"start":{"line":143,"column":8},"end":{"line":144,"column":55}}]},"41":{"type":"branch","line":144,"loc":{"start":{"line":144,"column":55},"end":{"line":146,"column":9}},"locations":[{"start":{"line":144,"column":55},"end":{"line":146,"column":9}}]},"42":{"type":"branch","line":146,"loc":{"start":{"line":146,"column":8},"end":{"line":147,"column":61}},"locations":[{"start":{"line":146,"column":8},"end":{"line":147,"column":61}}]},"43":{"type":"branch","line":147,"loc":{"start":{"line":147,"column":61},"end":{"line":149,"column":9}},"locations":[{"start":{"line":147,"column":61},"end":{"line":149,"column":9}}]},"44":{"type":"branch","line":149,"loc":{"start":{"line":149,"column":8},"end":{"line":150,"column":60}},"locations":[{"start":{"line":149,"column":8},"end":{"line":150,"column":60}}]},"45":{"type":"branch","line":150,"loc":{"start":{"line":150,"column":60},"end":{"line":152,"column":9}},"locations":[{"start":{"line":150,"column":60},"end":{"line":152,"column":9}}]},"46":{"type":"branch","line":152,"loc":{"start":{"line":152,"column":8},"end":{"line":153,"column":55}},"locations":[{"start":{"line":152,"column":8},"end":{"line":153,"column":55}}]},"47":{"type":"branch","line":153,"loc":{"start":{"line":153,"column":55},"end":{"line":155,"column":9}},"locations":[{"start":{"line":153,"column":55},"end":{"line":155,"column":9}}]},"48":{"type":"branch","line":155,"loc":{"start":{"line":155,"column":8},"end":{"line":156,"column":36}},"locations":[{"start":{"line":155,"column":8},"end":{"line":156,"column":36}}]},"49":{"type":"branch","line":156,"loc":{"start":{"line":156,"column":36},"end":{"line":161,"column":9}},"locations":[{"start":{"line":156,"column":36},"end":{"line":161,"column":9}}]},"50":{"type":"branch","line":161,"loc":{"start":{"line":161,"column":8},"end":{"line":162,"column":35}},"locations":[{"start":{"line":161,"column":8},"end":{"line":162,"column":35}}]},"51":{"type":"branch","line":162,"loc":{"start":{"line":162,"column":35},"end":{"line":173,"column":11}},"locations":[{"start":{"line":162,"column":35},"end":{"line":173,"column":11}}]}},"b":{"0":[19],"1":[28],"2":[15],"3":[27],"4":[216],"5":[25],"6":[2],"7":[13],"8":[13],"9":[25],"10":[1],"11":[19],"12":[3],"13":[16],"14":[16],"15":[12],"16":[7],"17":[1],"18":[15],"19":[2],"20":[4],"21":[3],"22":[7],"23":[3],"24":[7],"25":[12],"26":[0],"27":[7],"28":[3],"29":[9],"30":[24],"31":[2],"32":[3],"33":[0],"34":[24],"35":[7],"36":[18],"37":[5],"38":[19],"39":[3],"40":[16],"41":[1],"42":[15],"43":[2],"44":[13],"45":[1],"46":[12],"47":[4],"48":[8],"49":[2],"50":[6],"51":[3]},"fnMap":{"0":{"name":"clearData","decl":{"start":{"line":3,"column":4},"end":{"line":19,"column":5}},"loc":{"start":{"line":3,"column":4},"end":{"line":19,"column":5}},"line":3},"1":{"name":"validade_item","decl":{"start":{"line":21,"column":4},"end":{"line":34,"column":5}},"loc":{"start":{"line":21,"column":4},"end":{"line":34,"column":5}},"line":21},"2":{"name":"validade_quantidade","decl":{"start":{"line":36,"column":4},"end":{"line":45,"column":5}},"loc":{"start":{"line":36,"column":4},"end":{"line":45,"column":5}},"line":36},"3":{"name":"validade_pedido","decl":{"start":{"line":47,"column":4},"end":{"line":52,"column":5}},"loc":{"start":{"line":47,"column":4},"end":{"line":52,"column":5}},"line":47},"4":{"name":"validade_pagamento","decl":{"start":{"line":54,"column":4},"end":{"line":60,"column":5}},"loc":{"start":{"line":54,"column":4},"end":{"line":60,"column":5}},"line":54},"5":{"name":"pagamento_dinheiro","decl":{"start":{"line":62,"column":4},"end":{"line":68,"column":5}},"loc":{"start":{"line":62,"column":4},"end":{"line":68,"column":5}},"line":62},"6":{"name":"pagamento_credito","decl":{"start":{"line":70,"column":4},"end":{"line":76,"column":5}},"loc":{"start":{"line":70,"column":4},"end":{"line":76,"column":5}},"line":70},"7":{"name":"pagamento_debito","decl":{"start":{"line":78,"column":4},"end":{"line":84,"column":5}},"loc":{"start":{"line":78,"column":4},"end":{"line":84,"column":5}},"line":78},"8":{"name":"acompanhamento","decl":{"start":{"line":86,"column":4},"end":{"line":123,"column":5}},"loc":{"start":{"line":86,"column":4},"end":{"line":123,"column":5}},"line":86},"9":{"name":"calcularValorDaCompra","decl":{"start":{"line":125,"column":4},"end":{"line":174,"column":5}},"loc":{"start":{"line":125,"column":4},"end":{"line":174,"column":5}},"line":125}},"f":{"0":19,"1":15,"2":13,"3":19,"4":16,"5":2,"6":3,"7":3,"8":12,"9":19}}
}
