TN:
SF:src/caixa-da-lanchonete.js
FN:3,clearData
FN:21,validade_item
FN:36,validade_quantidade
FN:47,validade_pedido
FN:54,validade_pagamento
FN:62,pagamento_dinheiro
FN:70,pagamento_credito
FN:78,pagamento_debito
FN:86,acompanhamento
FN:125,calcularValorDaCompra
FNF:10
FNH:10
FNDA:19,clearData
FNDA:15,validade_item
FNDA:13,validade_quantidade
FNDA:19,validade_pedido
FNDA:16,validade_pagamento
FNDA:2,pagamento_dinheiro
FNDA:3,pagamento_credito
FNDA:3,pagamento_debito
FNDA:12,acompanhamento
FNDA:19,calcularValorDaCompra
DA:1,1
DA:2,1
DA:3,1
DA:4,19
DA:5,19
DA:6,28
DA:7,28
DA:8,28
DA:9,28
DA:10,28
DA:11,28
DA:12,28
DA:13,28
DA:14,28
DA:15,28
DA:16,28
DA:17,19
DA:18,19
DA:19,19
DA:20,1
DA:21,1
DA:22,15
DA:23,15
DA:24,27
DA:25,216
DA:26,25
DA:27,25
DA:28,216
DA:29,27
DA:30,2
DA:31,2
DA:32,27
DA:33,13
DA:34,13
DA:35,1
DA:36,1
DA:37,13
DA:38,13
DA:39,25
DA:40,1
DA:41,1
DA:42,25
DA:43,13
DA:44,13
DA:45,13
DA:46,1
DA:47,1
DA:48,19
DA:49,3
DA:50,3
DA:51,16
DA:52,16
DA:53,1
DA:54,1
DA:55,16
DA:56,16
DA:57,1
DA:58,1
DA:59,15
DA:60,15
DA:61,1
DA:62,1
DA:63,2
DA:64,2
DA:65,4
DA:66,2
DA:67,2
DA:68,2
DA:69,1
DA:70,1
DA:71,3
DA:72,3
DA:73,7
DA:74,3
DA:75,3
DA:76,3
DA:77,1
DA:78,1
DA:79,3
DA:80,3
DA:81,7
DA:82,3
DA:83,3
DA:84,3
DA:85,1
DA:86,1
DA:87,12
DA:88,12
DA:89,12
DA:90,12
DA:91,24
DA:92,2
DA:93,2
DA:94,2
DA:95,3
DA:96,0
DA:97,0
DA:98,0
DA:99,2
DA:100,2
DA:101,12
DA:102,12
DA:103,12
DA:104,12
DA:105,12
DA:106,24
DA:107,7
DA:108,7
DA:109,7
DA:110,18
DA:111,5
DA:112,5
DA:113,5
DA:114,7
DA:115,7
DA:116,12
DA:117,12
DA:118,12
DA:119,3
DA:120,12
DA:121,9
DA:122,9
DA:123,12
DA:124,1
DA:125,1
DA:126,19
DA:127,19
DA:128,19
DA:129,19
DA:130,19
DA:131,19
DA:132,19
DA:133,19
DA:134,19
DA:135,19
DA:136,19
DA:137,19
DA:138,19
DA:139,19
DA:140,19
DA:141,19
DA:142,3
DA:143,3
DA:144,19
DA:145,1
DA:146,1
DA:147,19
DA:148,2
DA:149,2
DA:150,19
DA:151,1
DA:152,1
DA:153,19
DA:154,4
DA:155,4
DA:156,19
DA:157,2
DA:158,2
DA:159,2
DA:160,2
DA:161,2
DA:162,19
DA:163,3
DA:164,3
DA:165,3
DA:166,3
DA:167,3
DA:168,3
DA:169,3
DA:170,3
DA:171,3
DA:172,3
DA:173,3
DA:174,19
DA:175,1
DA:176,1
LF:176
LH:173
BRDA:3,0,0,19
BRDA:5,1,0,28
BRDA:21,2,0,15
BRDA:23,3,0,27
BRDA:24,4,0,216
BRDA:25,5,0,25
BRDA:29,6,0,2
BRDA:32,7,0,13
BRDA:36,8,0,13
BRDA:38,9,0,25
BRDA:39,10,0,1
BRDA:47,11,0,19
BRDA:48,12,0,3
BRDA:50,13,0,16
BRDA:54,14,0,16
BRDA:55,15,0,12
BRDA:56,16,0,7
BRDA:56,17,0,1
BRDA:58,18,0,15
BRDA:62,19,0,2
BRDA:64,20,0,4
BRDA:70,21,0,3
BRDA:72,22,0,7
BRDA:78,23,0,3
BRDA:80,24,0,7
BRDA:86,25,0,12
BRDA:117,26,0,0
BRDA:117,27,0,7
BRDA:118,28,0,3
BRDA:120,29,0,9
BRDA:90,30,0,24
BRDA:91,31,0,2
BRDA:94,32,0,3
BRDA:95,33,0,0
BRDA:105,34,0,24
BRDA:106,35,0,7
BRDA:109,36,0,18
BRDA:110,37,0,5
BRDA:125,38,0,19
BRDA:141,39,0,3
BRDA:143,40,0,16
BRDA:144,41,0,1
BRDA:146,42,0,15
BRDA:147,43,0,2
BRDA:149,44,0,13
BRDA:150,45,0,1
BRDA:152,46,0,12
BRDA:153,47,0,4
BRDA:155,48,0,8
BRDA:156,49,0,2
BRDA:161,50,0,6
BRDA:162,51,0,3
BRF:52
BRH:50
end_of_record
